H:\MY DOCUMENTS\MD PROJECT\MD\MD_VS\DEBUG\MD.EXE
H:\MY DOCUMENTS\MD PROJECT\MD\MD_VS\DEBUG\MD.ILK
H:\MY DOCUMENTS\MD PROJECT\MD\MD_VS\DEBUG\MD.PDB
H:\My Documents\MD Project\MD\MD_VS\MD\Debug\cl.command.1.tlog
H:\My Documents\MD Project\MD\MD_VS\MD\Debug\CL.read.1.tlog
H:\My Documents\MD Project\MD\MD_VS\MD\Debug\CL.write.1.tlog
H:\My Documents\MD Project\MD\MD_VS\MD\Debug\link.1160.read.1.tlog
H:\My Documents\MD Project\MD\MD_VS\MD\Debug\link.1160.write.1.tlog
H:\My Documents\MD Project\MD\MD_VS\MD\Debug\link.1160-cvtres.read.1.tlog
H:\My Documents\MD Project\MD\MD_VS\MD\Debug\link.1160-cvtres.write.1.tlog
H:\My Documents\MD Project\MD\MD_VS\MD\Debug\link.4244.read.1.tlog
H:\My Documents\MD Project\MD\MD_VS\MD\Debug\link.4244.write.1.tlog
H:\My Documents\MD Project\MD\MD_VS\MD\Debug\link.4244-cvtres.read.1.tlog
H:\My Documents\MD Project\MD\MD_VS\MD\Debug\link.4244-cvtres.write.1.tlog
H:\My Documents\MD Project\MD\MD_VS\MD\Debug\link.480.read.1.tlog
H:\My Documents\MD Project\MD\MD_VS\MD\Debug\link.480.write.1.tlog
H:\My Documents\MD Project\MD\MD_VS\MD\Debug\link.480-cvtres.read.1.tlog
H:\My Documents\MD Project\MD\MD_VS\MD\Debug\link.480-cvtres.write.1.tlog
H:\My Documents\MD Project\MD\MD_VS\MD\Debug\link.5288.read.1.tlog
H:\My Documents\MD Project\MD\MD_VS\MD\Debug\link.5288.write.1.tlog
H:\My Documents\MD Project\MD\MD_VS\MD\Debug\link.5288-cvtres.read.1.tlog
H:\My Documents\MD Project\MD\MD_VS\MD\Debug\link.5288-cvtres.write.1.tlog
H:\My Documents\MD Project\MD\MD_VS\MD\Debug\link.command.1.tlog
H:\My Documents\MD Project\MD\MD_VS\MD\Debug\link.read.1.tlog
H:\My Documents\MD Project\MD\MD_VS\MD\Debug\link.write.1.tlog
H:\My Documents\MD Project\MD\MD_VS\MD\Debug\link-cvtres.read.1.tlog
H:\My Documents\MD Project\MD\MD_VS\MD\Debug\link-cvtres.write.1.tlog
H:\MY DOCUMENTS\MD PROJECT\MD\MD_VS\MD\DEBUG\MAIN.OBJ
H:\MY DOCUMENTS\MD PROJECT\MD\MD_VS\MD\DEBUG\MD.EXE.EMBED.MANIFEST
H:\MY DOCUMENTS\MD PROJECT\MD\MD_VS\MD\DEBUG\MD.EXE.EMBED.MANIFEST.RES
H:\MY DOCUMENTS\MD PROJECT\MD\MD_VS\MD\DEBUG\MD.EXE.INTERMEDIATE.MANIFEST
H:\My Documents\MD Project\MD\MD_VS\MD\Debug\MD_manifest.rc
H:\MY DOCUMENTS\MD PROJECT\MD\MD_VS\MD\DEBUG\MDSYSTEM.OBJ
H:\My Documents\MD Project\MD\MD_VS\MD\Debug\mt.command.1.tlog
H:\My Documents\MD Project\MD\MD_VS\MD\Debug\mt.read.1.tlog
H:\My Documents\MD Project\MD\MD_VS\MD\Debug\mt.write.1.tlog
H:\My Documents\MD Project\MD\MD_VS\MD\Debug\rc.command.1.tlog
H:\My Documents\MD Project\MD\MD_VS\MD\Debug\rc.read.1.tlog
H:\My Documents\MD Project\MD\MD_VS\MD\Debug\rc.write.1.tlog
H:\My Documents\MD Project\MD\MD_VS\MD\Debug\vc100.idb
H:\MY DOCUMENTS\MD PROJECT\MD\MD_VS\MD\DEBUG\VC100.PDB
