Build started 2011-11-11 15:04:45.
     1>Project "H:\My Documents\MD Project\MD\MD_VS\MD\MD.vcxproj" on node 2 (build target(s)).
     1>InitializeBuildStatus:
         Creating "Debug\MD.unsuccessfulbuild" because "AlwaysCreate" was specified.
       ClCompile:
         c:\Program Files\Microsoft Visual Studio 10.0\VC\bin\CL.exe /c /ZI /nologo /W3 /WX- /Od /Oy- /D WIN32 /D _DEBUG /D _CONSOLE /D _UNICODE /D UNICODE /Gm /EHsc /RTC1 /MDd /GS /fp:precise /Zc:wchar_t /Zc:forScope /Fo"Debug\\" /Fd"Debug\vc100.pdb" /Gd /TP /analyze- /errorReport:prompt mdsystem.cpp
         mdsystem.cpp
       ManifestResourceCompile:
         All outputs are up-to-date.
       Link:
         c:\Program Files\Microsoft Visual Studio 10.0\VC\bin\link.exe /ERRORREPORT:PROMPT /OUT:"H:\My Documents\MD Project\MD\MD_VS\Debug\MD.exe" /INCREMENTAL /NOLOGO kernel32.lib user32.lib gdi32.lib winspool.lib comdlg32.lib advapi32.lib shell32.lib ole32.lib oleaut32.lib uuid.lib odbc32.lib odbccp32.lib /MANIFEST /ManifestFile:"Debug\MD.exe.intermediate.manifest" /MANIFESTUAC:"level='asInvoker' uiAccess='false'" /DEBUG /PDB:"H:\My Documents\MD Project\MD\MD_VS\Debug\MD.pdb" /SUBSYSTEM:CONSOLE /TLBID:1 /DYNAMICBASE /NXCOMPAT /IMPLIB:"H:\My Documents\MD Project\MD\MD_VS\Debug\MD.lib" /MACHINE:X86 Debug\MD.exe.embed.manifest.res
         Debug\mdsystem.obj
         Debug\main.obj
       Manifest:
         C:\Program Files\Microsoft SDKs\Windows\v7.0A\bin\mt.exe /nologo /verbose /out:"Debug\MD.exe.embed.manifest" /manifest Debug\MD.exe.intermediate.manifest
         All outputs are up-to-date.
       LinkEmbedManifest:
         c:\Program Files\Microsoft Visual Studio 10.0\VC\bin\link.exe /ERRORREPORT:PROMPT /OUT:"H:\My Documents\MD Project\MD\MD_VS\Debug\MD.exe" /INCREMENTAL /NOLOGO kernel32.lib user32.lib gdi32.lib winspool.lib comdlg32.lib advapi32.lib shell32.lib ole32.lib oleaut32.lib uuid.lib odbc32.lib odbccp32.lib /MANIFEST /ManifestFile:"Debug\MD.exe.intermediate.manifest" /MANIFESTUAC:"level='asInvoker' uiAccess='false'" /DEBUG /PDB:"H:\My Documents\MD Project\MD\MD_VS\Debug\MD.pdb" /SUBSYSTEM:CONSOLE /TLBID:1 /DYNAMICBASE /NXCOMPAT /IMPLIB:"H:\My Documents\MD Project\MD\MD_VS\Debug\MD.lib" /MACHINE:X86 Debug\MD.exe.embed.manifest.res
         Debug\mdsystem.obj
         Debug\main.obj
         MD.vcxproj -> H:\My Documents\MD Project\MD\MD_VS\Debug\MD.exe
       FinalizeBuildStatus:
         Deleting file "Debug\MD.unsuccessfulbuild".
         Touching "Debug\MD.lastbuildstate".
     1>Done Building Project "H:\My Documents\MD Project\MD\MD_VS\MD\MD.vcxproj" (build target(s)).

Build succeeded.

Time Elapsed 00:00:03.25
